<?xml version="1.0" encoding="UTF-8"?>
<testng-results ignored="0" total="3" passed="3" failed="0" skipped="0">
  <reporter-output>
  </reporter-output>
  <suite started-at="2023-05-16T10:28:28 IST" name="Default suite" finished-at="2023-05-16T10:28:53 IST" duration-ms="24360">
    <groups>
    </groups>
    <test started-at="2023-05-16T10:28:28 IST" name="Default test" finished-at="2023-05-16T10:28:53 IST" duration-ms="24360">
      <class name="com.testcases.LaunchURL">
        <test-method is-config="true" signature="setUp()[pri:0, instance:com.testcases.LaunchURL@56620197]" started-at="2023-05-16T10:28:28 IST" name="setUp" finished-at="2023-05-16T10:28:49 IST" duration-ms="20606" status="PASS">
          <reporter-output>
          </reporter-output>
        </test-method> <!-- setUp -->
        <test-method signature="launchURL()[pri:1, instance:com.testcases.LaunchURL@56620197]" started-at="2023-05-16T10:28:49 IST" name="launchURL" finished-at="2023-05-16T10:28:49 IST" duration-ms="21" status="PASS">
          <reporter-output>
          </reporter-output>
        </test-method> <!-- launchURL -->
        <test-method signature="clickOnCustomer()[pri:2, instance:com.testcases.LaunchURL@56620197]" started-at="2023-05-16T10:28:49 IST" name="clickOnCustomer" finished-at="2023-05-16T10:28:52 IST" duration-ms="3430" status="PASS">
          <reporter-output>
          </reporter-output>
        </test-method> <!-- clickOnCustomer -->
        <test-method signature="clickOnHome()[pri:3, instance:com.testcases.LaunchURL@56620197]" started-at="2023-05-16T10:28:52 IST" name="clickOnHome" finished-at="2023-05-16T10:28:53 IST" duration-ms="197" status="PASS">
          <reporter-output>
          </reporter-output>
        </test-method> <!-- clickOnHome -->
      </class> <!-- com.testcases.LaunchURL -->
    </test> <!-- Default test -->
  </suite> <!-- Default suite -->
</testng-results>
