<?xml version="1.0" encoding="UTF-8"?>
<!-- Generated by org.testng.reporters.JUnitXMLReporter -->
<testsuite ignored="0" hostname="DESKTOP-7PKK86M" failures="0" tests="3" name="Default test" time="24.36" errors="0" timestamp="2023-05-16T10:28:53 IST">
  <testcase classname="com.testcases.LaunchURL" name="launchURL" time="0.021"/>
  <testcase classname="com.testcases.LaunchURL" name="clickOnCustomer" time="3.43"/>
  <testcase classname="com.testcases.LaunchURL" name="clickOnHome" time="0.197"/>
</testsuite> <!-- Default test -->
