<?xml version="1.0" encoding="UTF-8"?>
<!-- Generated by org.testng.reporters.JUnitXMLReporter -->
<testsuite ignored="0" hostname="DESKTOP-BNPA4IR" failures="0" tests="2" name="Test" time="0.048" errors="0" timestamp="2023-05-31T15:46:43 IST">
  <testcase classname="com.testcases.LaunchURL" name="@BeforeClass setUp" time="0.005">
    <failure type="java.lang.NullPointerException" message="Cannot invoke &amp;quot;String.equalsIgnoreCase(String)&amp;quot; because &amp;quot;browserName&amp;quot; is null">
      <![CDATA[java.lang.NullPointerException: Cannot invoke "String.equalsIgnoreCase(String)" because "browserName" is null
at com.base.TestBase.initialization(TestBase.java:34)
at com.testcases.LaunchURL.setUp(LaunchURL.java:17)
at java.base/java.util.ArrayList.forEach(ArrayList.java:1511)
... Removed 25 stack frames]]>
    </failure>
  </testcase> <!-- @BeforeClass setUp -->
  <testcase classname="com.testcases.LaunchURL" name="launchURL" time="0.0">
    <skipped/>
  </testcase> <!-- launchURL -->
  <testcase classname="com.testcases.LaunchURL" name="clickOnCustomer" time="0.0">
    <skipped/>
  </testcase> <!-- clickOnCustomer -->
</testsuite> <!-- Test -->
